C51 COMPILER V9.01   DENLED                                                                03/04/2022 09:50:14 PAGE 1   


C51 COMPILER V9.01, COMPILATION OF MODULE DENLED
OBJECT MODULE PLACED IN denled.OBJ
COMPILER INVOKED BY: D:\Program Files\Keil\C51\BIN\C51.EXE denled.c BROWSE DEBUG OBJECTEXTEND

line level    source

   1          #include <REGX51.H>
   2          
   3            
   4          void delay(int time){
   5   1              while(time--);
   6   1      }
   7          
   8          void blink(int n){
   9   1              int i;
  10   1              for(i=0;i<n;i++){
  11   2                      P0=0;
  12   2                      delay(10000);
  13   2                      P0=0xff;
  14   2                      delay(10000);
  15   2              }
  16   1      }
  17          void leftRight(int n){
  18   1              int i;
  19   1              for(i=0;i<n;i++){
  20   2                      P0_0 = 0;
  21   2                      delay(10000);
  22   2                      P0_0 = 1;
  23   2      
  24   2                      P0_1 = 0;
  25   2                      delay(10000);
  26   2                      P0_1 = 1;
  27   2      
  28   2                      P0_2 = 0;
  29   2                      delay(10000);
  30   2                      P0_2 = 1;
  31   2      
  32   2                      P0_3 = 0;
  33   2                      delay(10000);
  34   2                      P0_3 = 1;
  35   2      
  36   2                      P0_4 = 0;
  37   2                      delay(10000);
  38   2                      P0_4 = 1;
  39   2      
  40   2                      P0_5 = 0;
  41   2                      delay(10000);
  42   2                      P0_5 = 1;
  43   2      
  44   2                      P0_6 = 0;
  45   2                      delay(10000);
  46   2                      P0_6 = 1;
  47   2      
  48   2                      P0_7 = 0;
  49   2                      delay(10000);
  50   2                      P0_7 = 1;
  51   2              }
  52   1      } 
  53          void rightLeft(int n){
  54   1              int i;
  55   1              for(i=0;i<n;i++){
C51 COMPILER V9.01   DENLED                                                                03/04/2022 09:50:14 PAGE 2   

  56   2                      P0_7 = 0;
  57   2                      delay(10000);
  58   2                      P0_7 = 1;
  59   2      
  60   2                      P0_6 = 0;
  61   2                      delay(10000);
  62   2                      P0_6 = 1;
  63   2      
  64   2      
  65   2                      P0_5 = 0;
  66   2                      delay(10000);
  67   2                      P0_5 = 1;
  68   2      
  69   2      
  70   2                      P0_4 = 0;
  71   2                      delay(10000);
  72   2                      P0_4 = 1;
  73   2      
  74   2      
  75   2                      P0_3 = 0;
  76   2                      delay(10000);
  77   2                      P0_3 = 1;
  78   2      
  79   2                      P0_2 = 0;
  80   2                      delay(10000);
  81   2                      P0_2 = 1;
  82   2      
  83   2                      P0_1 = 0;
  84   2                      delay(10000);
  85   2                      P0_1 = 1;
  86   2      
  87   2      
  88   2                      P0_0 = 0;
  89   2                      delay(10000);
  90   2                      P0_0 = 1;
  91   2              }
  92   1      }
  93          void right(){
  94   1                      P0_7 = 0;
  95   1                      delay(10000);
  96   1                      P0_7 = 1;
  97   1      
  98   1                      P0_6 = 0;
  99   1                      delay(10000);
 100   1                      P0_6 = 1;
 101   1      
 102   1                      P0_5 = 0;
 103   1                      delay(10000);
 104   1                      P0_5 = 1;
 105   1      
 106   1                      P0_4 = 0;
 107   1                      delay(10000);
 108   1                      P0_4 = 1;
 109   1      }
 110          void left(){
 111   1                      P0_0 = 0;
 112   1                      delay(10000);
 113   1                      P0_0 = 1;
 114   1      
 115   1      
 116   1                      P0_1 = 0;
 117   1                      delay(10000);
C51 COMPILER V9.01   DENLED                                                                03/04/2022 09:50:14 PAGE 3   

 118   1                      P0_1 = 1;
 119   1      
 120   1                      P0_2 = 0;
 121   1                      delay(10000);
 122   1                      P0_2 = 1;
 123   1      
 124   1                      P0_3 = 0;
 125   1                      delay(10000);
 126   1                      P0_3 = 1;
 127   1      }
 128          void right2(){
 129   1                      P0_4 = 0;
 130   1                      delay(10000);
 131   1                      P0_4 = 1;
 132   1      
 133   1                      P0_5 = 0;
 134   1                      delay(10000);
 135   1                      P0_5 = 1;
 136   1      
 137   1                      P0_6 = 0;
 138   1                      delay(10000);
 139   1                      P0_6 = 1;
 140   1      
 141   1                      P0_7 = 0;
 142   1                      delay(10000);
 143   1                      P0_7 = 1;
 144   1      }
 145          void left2(){
 146   1                      P0_3 = 0;
 147   1                      delay(10000);
 148   1                      P0_3 = 1;
 149   1      
 150   1                      P0_2 = 0;
 151   1                      delay(10000);
 152   1                      P0_2 = 1;
 153   1      
 154   1                      P0_1 = 0;
 155   1                      delay(10000);
 156   1                      P0_1 = 1;
 157   1      
 158   1      
 159   1                      P0_0 = 0;
 160   1                      delay(10000);
 161   1                      P0_0 = 1;
 162   1      }
 163          void haibenvaogiua(){
 164   1                      P0_0 = 0;
 165   1                      delay(10000);
 166   1                      P0_0 = 1;
 167   1      
 168   1                      P0_7 = 0;
 169   1                      delay(10000);
 170   1                      P0_7 = 1;
 171   1      
 172   1                      P0_1 = 0;
 173   1                      delay(10000);
 174   1                      P0_1 = 1;
 175   1      
 176   1                      P0_6 = 0;
 177   1                      delay(10000);
 178   1                      P0_6 = 1;
 179   1      
C51 COMPILER V9.01   DENLED                                                                03/04/2022 09:50:14 PAGE 4   

 180   1                      P0_2 = 0;
 181   1                      delay(10000);
 182   1                      P0_2 = 1;
 183   1      
 184   1                      P0_5 = 0;
 185   1                      delay(10000);
 186   1                      P0_5 = 1;
 187   1      
 188   1                      P0_3 = 0;
 189   1                      delay(10000);
 190   1                      P0_3 = 1;
 191   1      
 192   1                      P0_4 = 0;
 193   1                      delay(10000);
 194   1                      P0_4 = 1;
 195   1      
 196   1      }
 197          void main(){
 198   1              while(1){
 199   2                      //blink(10);
 200   2                      //leftRight(3);
 201   2                      //rightLeft(3);
 202   2                      //left();
 203   2                      //right();   
 204   2                      //blink(2);
 205   2                      //left2();
 206   2                      //right2();
 207   2                      haibenvaogiua();
 208   2      
 209   2                      
 210   2              }
 211   1      }


MODULE INFORMATION:   STATIC OVERLAYABLE
   CODE SIZE        =    378    ----
   CONSTANT SIZE    =   ----    ----
   XDATA SIZE       =   ----    ----
   PDATA SIZE       =   ----    ----
   DATA SIZE        =   ----    ----
   IDATA SIZE       =   ----    ----
   BIT SIZE         =   ----    ----
END OF MODULE INFORMATION.


C51 COMPILATION COMPLETE.  0 WARNING(S),  0 ERROR(S)
