C51 COMPILER V9.01   TRAITIM                                                               03/11/2022 09:43:36 PAGE 1   


C51 COMPILER V9.01, COMPILATION OF MODULE TRAITIM
OBJECT MODULE PLACED IN traitim.OBJ
COMPILER INVOKED BY: D:\Program Files\Keil\C51\BIN\C51.EXE traitim.c BROWSE DEBUG OBJECTEXTEND

line level    source

   1          #include <REGX51.H>
   2          
   3          char hieuUngSangXuoi[] = {0xFE,0xFD,0xFB,0xF7,0xEF,0xDF,0xBF,0x7F};
   4          char hieuUngSangNguoc[] = {0x7F,0xBF,0xDF,0xEF,0xF7,0xFB,0xFD,0xFE};
   5          
   6          void delay(int time){
   7   1              while(time--);
   8   1      }
   9          
  10          void blink(int n){
  11   1              int i;
  12   1              for(i=0;i<n;i++){
  13   2                      P0=0; P1=0; P2=0; P3=0;
  14   2                      delay(10000);
  15   2                      P0=0xff; P1=0xff; P2=0xff; P3=0xff;
  16   2                      delay(10000);
  17   2              }
  18   1      }
  19          
  20          void leftToRight(){
  21   1              P0_0 = 0;    delay(5000);    P0_0 = 1;
  22   1          P0_1 = 0;    delay(5000);    P0_1 = 1;
  23   1          P0_2 = 0;    delay(5000);    P0_2 = 1;
  24   1          P0_3 = 0;    delay(5000);    P0_3 = 1;
  25   1          P0_4 = 0;    delay(5000);    P0_4 = 1;
  26   1          P0_5 = 0;    delay(5000);    P0_5 = 1;
  27   1          P0_6 = 0;    delay(5000);    P0_6 = 1;
  28   1          P0_7 = 0;    delay(5000);    P0_7 = 1;
  29   1          P2_0 = 0;    delay(5000);    P2_0 = 1;
  30   1          P2_1 = 0;    delay(5000);    P2_1 = 1;
  31   1          P2_2 = 0;    delay(5000);    P2_2 = 1;
  32   1          P2_3 = 0;    delay(5000);    P2_3 = 1;
  33   1          P2_4 = 0;    delay(5000);    P2_4 = 1;
  34   1          P2_5 = 0;    delay(5000);    P2_5 = 1;
  35   1          P2_6 = 0;    delay(5000);    P2_6 = 1;
  36   1          P2_7 = 0;    delay(5000);    P2_7 = 1;
  37   1          P3_0 = 0;    delay(5000);    P3_0 = 1;
  38   1          P3_1 = 0;    delay(5000);    P3_1 = 1;
  39   1          P3_2 = 0;    delay(5000);    P3_2 = 1;
  40   1          P3_3 = 0;    delay(5000);    P3_3 = 1;
  41   1          P3_4 = 0;    delay(5000);    P3_4 = 1;
  42   1          P3_5 = 0;    delay(5000);    P3_5 = 1;
  43   1          P3_6 = 0;    delay(5000);    P3_6 = 1;
  44   1          P3_7 = 0;    delay(5000);    P3_7 = 1;
  45   1              P1_0 = 0;    delay(5000);    P1_0 = 1;
  46   1          P1_1 = 0;    delay(5000);    P1_1 = 1;
  47   1          P1_2 = 0;    delay(5000);    P1_2 = 1;
  48   1          P1_3 = 0;    delay(5000);    P1_3 = 1;
  49   1          P1_4 = 0;    delay(5000);    P1_4 = 1;
  50   1          P1_5 = 0;    delay(5000);    P1_5 = 1;
  51   1          P1_6 = 0;    delay(5000);    P1_6 = 1;
  52   1          P1_7 = 0;    delay(5000);    P1_7 = 1;
  53   1      }
  54          void rightToLeft(){
  55   1              P1_7 = 0;    delay(5000);   P1_7 = 1;
C51 COMPILER V9.01   TRAITIM                                                               03/11/2022 09:43:36 PAGE 2   

  56   1              P1_7 = 0;    delay(5000);    P1_7 = 1;
  57   1          P1_6 = 0;    delay(5000);    P1_6 = 1;
  58   1          P1_5 = 0;    delay(5000);    P1_5 = 1;
  59   1          P1_4 = 0;    delay(5000);    P1_4 = 1;
  60   1          P1_3 = 0;    delay(5000);    P1_3 = 1;
  61   1          P1_2 = 0;    delay(5000);    P1_2 = 1;
  62   1          P1_1 = 0;    delay(5000);    P1_1 = 1;
  63   1          P1_0 = 0;    delay(5000);    P1_0 = 1;
  64   1          P3_7 = 0;    delay(5000);    P3_7 = 1;
  65   1          P3_6 = 0;    delay(5000);    P3_6 = 1;
  66   1          P3_5 = 0;    delay(5000);    P3_5 = 1;
  67   1          P3_4 = 0;    delay(5000);    P3_4 = 1;
  68   1          P3_3 = 0;    delay(5000);    P3_3 = 1;
  69   1          P3_2 = 0;    delay(5000);    P3_2 = 1;
  70   1          P3_1 = 0;    delay(5000);    P3_1 = 1;
  71   1          P3_0 = 0;    delay(5000);    P3_0 = 1;
  72   1          P2_7 = 0;    delay(5000);    P2_7 = 1;
  73   1          P2_6 = 0;    delay(5000);    P2_6 = 1;
  74   1          P2_5 = 0;    delay(5000);    P2_5 = 1;
  75   1          P2_4 = 0;    delay(5000);    P2_4 = 1;
  76   1          P2_3 = 0;    delay(5000);    P2_3 = 1;
  77   1          P2_2 = 0;    delay(5000);    P2_2 = 1;
  78   1          P2_1 = 0;    delay(5000);    P2_1 = 1;
  79   1          P2_0 = 0;    delay(5000);    P2_0 = 1;
  80   1          P0_7 = 0;    delay(5000);    P0_7 = 1;
  81   1          P0_6 = 0;    delay(5000);    P0_6 = 1;
  82   1          P0_5 = 0;    delay(5000);    P0_5 = 1;
  83   1          P0_4 = 0;    delay(5000);    P0_4 = 1;
  84   1          P0_3 = 0;    delay(5000);    P0_3 = 1;
  85   1          P0_2 = 0;    delay(5000);    P0_2 = 1;
  86   1          P0_1 = 0;    delay(5000);    P0_1 = 1;
  87   1          P0_0 = 0;    delay(5000);    P0_0 = 1;
  88   1      }
  89          
  90          void leftToMid_rigthToMid(){
  91   1                      P0_0=0;
  92   1                      delay(5000);
  93   1                      P0_0=1;
  94   1                      P1_7=0;
  95   1                      delay(5000);
  96   1                      P1_7=1;
  97   1                      P0_1=0;
  98   1                      delay(5000);
  99   1                      P0_1=1;
 100   1                      P1_6=0;
 101   1                      delay(5000);
 102   1                      P1_6=1;
 103   1                      P0_2=0;
 104   1                      delay(5000);
 105   1                      P0_2=1;
 106   1                      P1_5=0;
 107   1                      delay(5000);
 108   1                      P1_5=1;
 109   1                      P0_3=0;
 110   1                      delay(5000);
 111   1                      P0_3=1;
 112   1                      P1_4=0;
 113   1                      delay(5000);
 114   1                      P1_4=1;
 115   1                      P0_4=0;
 116   1                      delay(5000);
 117   1                      P0_4=1;
C51 COMPILER V9.01   TRAITIM                                                               03/11/2022 09:43:36 PAGE 3   

 118   1                      P1_3=0;
 119   1                      delay(5000);
 120   1                      P1_3=1;
 121   1                      P0_5=0;
 122   1                      delay(5000);
 123   1                      P0_5=1;
 124   1                      P1_2=0;
 125   1                      delay(5000);
 126   1                      P1_2=1;
 127   1                      P0_6=0;
 128   1                      delay(5000);
 129   1                      P0_6=1;
 130   1                      P1_1=0;
 131   1                      delay(5000);
 132   1                      P1_1=1;
 133   1                      P0_7=0;
 134   1                      delay(5000);
 135   1                      P0_7=1;
 136   1                      P1_0=0;
 137   1                      delay(5000);
 138   1                      P1_0=1;
 139   1                      P2_0=0;
 140   1                      delay(5000);
 141   1                      P2_0=1;
 142   1                      P3_7=0;
 143   1                      delay(5000);
 144   1                      P3_7=1;
 145   1                      P2_1=0;
 146   1                      delay(5000);
 147   1                      P2_1=1;
 148   1                      P3_6=0;
 149   1                      delay(5000);
 150   1                      P3_6=1;
 151   1                      P2_2=0;
 152   1                      delay(5000);
 153   1                      P2_2=1;
 154   1                      P3_5=0;
 155   1                      delay(5000);
 156   1                      P3_5=1;
 157   1                      P2_3=0;
 158   1                      delay(5000);
 159   1                      P2_3=1;
 160   1                      P3_4=0;
 161   1                      delay(5000);
 162   1                      P3_4=1;
 163   1                      P2_4=0;
 164   1                      delay(5000);
 165   1                      P2_4=1;
 166   1                      P3_3=0;
 167   1                      delay(5000);
 168   1                      P3_3=1;
 169   1                      P2_5=0;
 170   1                      delay(5000);
 171   1                      P2_5=1;
 172   1                      P3_2=0;
 173   1                      delay(5000);
 174   1                      P3_2=1;
 175   1                      P2_6=0;
 176   1                      delay(5000);
 177   1                      P2_6=1;
 178   1                      P3_1=0;
 179   1                      delay(5000);
C51 COMPILER V9.01   TRAITIM                                                               03/11/2022 09:43:36 PAGE 4   

 180   1                      P3_1=1;
 181   1                      P2_7=0;
 182   1                      delay(5000);
 183   1                      P2_7=1;
 184   1                      P3_0=0;
 185   1                      delay(5000);
 186   1                      P3_0=1;
 187   1      
 188   1              
 189   1      }
 190          void midToLeft_midToRight(){
 191   1              P2_7=0;
 192   1              delay(5000);
 193   1              P2_7=1;
 194   1              P3_7=0;
 195   1              delay(5000);
 196   1              P3_7=1;
 197   1              P2_6=0;
 198   1              delay(5000);
 199   1              P2_6=1;
 200   1              P3_6=0;
 201   1              delay(5000);
 202   1              P3_6=1;
 203   1              P2_5=0;
 204   1              delay(5000);
 205   1              P2_5=1;
 206   1              P3_5=0;
 207   1              delay(5000);
 208   1              P3_5=1;
 209   1              P2_4=0;
 210   1              delay(5000);
 211   1              P2_4=1;
 212   1              P3_4=0;
 213   1              delay(5000);
 214   1              P3_4=1;
 215   1              P2_3=0;
 216   1              delay(5000);
 217   1              P2_3=1;
 218   1              P3_3=0;
 219   1              delay(5000);
 220   1              P3_3=1;
 221   1              P2_2=0;
 222   1              delay(5000);
 223   1              P2_2=1;
 224   1              P3_2=0;
 225   1              delay(5000);
 226   1              P3_2=1;
 227   1              P2_1=0;
 228   1              delay(5000);
 229   1              P2_1=1;
 230   1              P3_1=0;
 231   1              delay(5000);
 232   1              P3_1=1;
 233   1      
 234   1              P0_7=0;
 235   1              delay(5000);
 236   1              P0_7=1;
 237   1              P1_7=0;
 238   1              delay(5000);
 239   1              P1_7=1;
 240   1              P0_6=0;
 241   1              delay(5000);
C51 COMPILER V9.01   TRAITIM                                                               03/11/2022 09:43:36 PAGE 5   

 242   1              P0_6=1;
 243   1              P1_6=0;
 244   1              delay(5000);
 245   1              P1_6=1;
 246   1              P0_5=0;
 247   1              delay(5000);
 248   1              P0_5=1;
 249   1              P1_5=0;
 250   1              delay(5000);
 251   1              P1_5=1;
 252   1              P0_4=0;
 253   1              delay(5000);
 254   1              P0_4=1;
 255   1              P1_4=0;
 256   1              delay(5000);
 257   1              P1_4=1;
 258   1              P0_3=0;
 259   1              delay(5000);
 260   1              P0_3=1;
 261   1              P1_3=0;
 262   1              delay(5000);
 263   1              P1_3=1;
 264   1              P0_2=0;
 265   1              delay(5000);
 266   1              P0_2=1;
 267   1              P1_2=0;
 268   1              delay(5000);
 269   1              P1_2=1;
 270   1              P0_1=0;
 271   1              delay(5000);
 272   1              P0_1=1;
 273   1              P1_1=0;
 274   1              delay(5000);
 275   1              P1_1=1;
 276   1              
 277   1      }
 278          void tren_hai_ben(int lan){
 279   1              int i, j;
 280   1              for (i=0; i<lan; i++) {
 281   2                      for (j=0; j<8; j++) {
 282   3                              P0=hieuUngSangXuoi[j];
 283   3                              P3=hieuUngSangNguoc[j];
 284   3                              P1=hieuUngSangXuoi[j];
 285   3                              P2=hieuUngSangNguoc[j];
 286   3                              delay(5000);
 287   3                      }
 288   2              }
 289   1      }
 290          void duoi_haiben(int lan) {
 291   1              int i,j;
 292   1              for (i=0; i<lan; i++) {
 293   2                      for (j=0; j<8; j++) {
 294   3                              P1 = hieuUngSangNguoc[j];
 295   3                              P2 = hieuUngSangXuoi[j];
 296   3                              P0 = hieuUngSangNguoc[j];
 297   3                              P3 = hieuUngSangXuoi[j];
 298   3                              delay(5000);
 299   3                      }
 300   2              }
 301   1      }
 302          
 303          void sangXuoi(int lan) {
C51 COMPILER V9.01   TRAITIM                                                               03/11/2022 09:43:36 PAGE 6   

 304   1              int i, j;
 305   1              for (i=0; i<lan; i++) {
 306   2                      for (j=0; j<8; j++) {
 307   3                              P0=P1=P2=P3=hieuUngSangXuoi[j];
 308   3                              delay(5000);
 309   3                      }
 310   2              }
 311   1      }
 312          void sangNguoc(int lan) {
 313   1              int i, j;
 314   1              for (i=0; i<lan; i++) {
 315   2                      for (j=0; j<8; j++) {
 316   3                              P0=P1=P2=P3=hieuUngSangNguoc[j];
 317   3                              delay(10000);
 318   3                      }
 319   2              }
 320   1      }
 321          // Doi xung 1
 322          void doixung1(int lan) {
 323   1              int i,j;
 324   1              for (i=0; i<lan; i++) {
 325   2                      for (j=0; j<8; j++) {
 326   3                              P0 = P1 = 0;
 327   3                              P2 = P3 = 0xff;
 328   3                              delay(10000);
 329   3                              
 330   3                              P0 = P1 = 0xff;
 331   3                              P2 = P3 = 0;
 332   3                              delay(10000);
 333   3                      }
 334   2              }
 335   1      }
 336          // Doi xung 2
 337          void doixung2(int lan) {
 338   1              int i,j;
 339   1              for (i=0; i<lan; i++) {
 340   2                      for (j=0; j<8; j++) {
 341   3                              P0 = P2 = 0;
 342   3                              P1 = P3 = 0xff;
 343   3                              delay(10000);
 344   3                              
 345   3                              P0 = P2 = 0xff;
 346   3                              P1 = P3 = 0;
 347   3                              delay(10000);
 348   3                      }
 349   2              }
 350   1      }
 351          // Doi xung 3
 352          void doixung3(int lan) {
 353   1              int i,j;
 354   1              for (i=0; i<lan; i++) {
 355   2                      for (j=0; j<8; j++) {
 356   3                              P0 = P3 = 0;
 357   3                              P1 = P2 = 0xff;
 358   3                              delay(10000);
 359   3                              
 360   3                              P0 = P3 = 0xff;
 361   3                              P1 = P2 = 0;
 362   3                              delay(10000);
 363   3                      }
 364   2              }
 365   1      }
C51 COMPILER V9.01   TRAITIM                                                               03/11/2022 09:43:36 PAGE 7   

 366          void main(){
 367   1              while(1){
 368   2              /*      blink(2);
 369   2                      leftToRight();
 370   2                      rightToLeft();
 371   2                      leftToMid_rigthToMid();
 372   2                      midToLeft_midToRight();   */
 373   2                      //tren_hai_ben(5);
 374   2                      sangXuoi(5);
 375   2                      sangNguoc(5);
 376   2                      doixung1(5);
 377   2                      doixung2(5);
 378   2                      doixung3(5);
 379   2              }
 380   1      }


MODULE INFORMATION:   STATIC OVERLAYABLE
   CODE SIZE        =   1479    ----
   CONSTANT SIZE    =   ----    ----
   XDATA SIZE       =   ----    ----
   PDATA SIZE       =   ----    ----
   DATA SIZE        =     16      14
   IDATA SIZE       =   ----    ----
   BIT SIZE         =   ----    ----
END OF MODULE INFORMATION.


C51 COMPILATION COMPLETE.  0 WARNING(S),  0 ERROR(S)
