C51 COMPILER V9.01   NUMBER                                                                03/11/2022 11:19:23 PAGE 1   


C51 COMPILER V9.01, COMPILATION OF MODULE NUMBER
OBJECT MODULE PLACED IN number.OBJ
COMPILER INVOKED BY: D:\Program Files\Keil\C51\BIN\C51.EXE number.c BROWSE DEBUG OBJECTEXTEND

line level    source

   1          #include <REGX51.H>
   2          char so[] = {0x40,0x79,0x24,0x30,0x19,0x12,0x02,0x78,0x00,0x10};
   3          char so2[] = {0xC0,0xF9,0xA4,0xB0,0x99,0x92,0x82,0xF8,0x80,0x90};
   4          void delay(int n){
   5   1              int a = n;
   6   1              while(n--);
   7   1              while(a--);
   8   1      }
   9          void one_to_nine(){
  10   1              //tao so 0
  11   1                      P0_0=P0_1=P0_2=P0_3=P0_4=P0_5=0; P0_6=1;
  12   1                      delay(45000);
  13   1              //tao so 1
  14   1                      P0_1 = P0_2=0; P0_0= P0_3=P0_4 =P0_5=P0_6=1;
  15   1                      delay(45000); 
  16   1              //tao so 2
  17   1                      P0_0=P0_1=P0_3=P0_4=P0_6=0; P0_2=P0_5=1;  
  18   1                      delay(45000);
  19   1              //tao so 3
  20   1                      P0_0=P0_1=P0_3=P0_2=P0_6=0; P0_4=P0_5=1;  
  21   1                      delay(45000); 
  22   1              //tao so 4  
  23   1                      P0_1=P0_2=P0_5=P0_6=0 ; P0_3=P0_4=P0_0=1;
  24   1                      delay(45000); 
  25   1              //tao so 5
  26   1                      P0_3=P0_0=P0_5=P0_2=P0_6=0 ; P0_4=P0_1=1;  
  27   1                      delay(45000);
  28   1              //tao so 6
  29   1                      P0_4=P0_3=P0_0=P0_5=P0_2=P0_6=0 ; P0_1=1; 
  30   1                      delay(45000);
  31   1              //tao so 7
  32   1                      P0_0=P0_2=P0_1=0;P0_3=P0_4=P0_5=P0_6=1;   
  33   1                      delay(45000);
  34   1              //tao so 8
  35   1                      P0_0=P0_1=P0_2=P0_3=P0_4=P0_5=P0_6=0; 
  36   1                      delay(45000);
  37   1              //tao so 9
  38   1                      P0_0=P0_1=P0_2=P0_3=P0_5=P0_6=0; P0_4 =1;
  39   1                      delay(45000);
  40   1              // format
  41   1                      P0_0=P0_1=P0_2=P0_3=P0_4=P0_5=P0_6=1;                                           
  42   1      
  43   1      }
  44          void one_to_nine_loop(){
  45   1              while(1){
  46   2              int i;
  47   2              for(i=0;i<10;i++){
  48   3                      P0=so[i];
  49   3                      delay(45000);
  50   3              }
  51   2              }
  52   1      }
  53          void hang_chuc(){
  54   1              while(1){
  55   2              int i;
C51 COMPILER V9.01   NUMBER                                                                03/11/2022 11:19:23 PAGE 2   

  56   2              int j;
  57   2              for(i=0;i<10;i++){
  58   3                      P0=so[i];
  59   3                      for(j=0;j<10;j++){
  60   4                               P2=so[j];
  61   4                               delay(45000);
  62   4                      }
  63   3              }
  64   2              }
  65   1      }
  66          void hang_chuc2(){
  67   1               int i,j;
  68   1               for(i=0;i<10;i++){
  69   2                      P3=so2[i];
  70   2                      delay(45000);
  71   2               }
  72   1      }
*** WARNING C280 IN LINE 67 OF NUMBER.C: 'j': unreferenced local variable
  73          void main(){
  74   1              //hang_chuc();
  75   1              hang_chuc2();
  76   1      }


MODULE INFORMATION:   STATIC OVERLAYABLE
   CODE SIZE        =    344    ----
   CONSTANT SIZE    =   ----    ----
   XDATA SIZE       =   ----    ----
   PDATA SIZE       =   ----    ----
   DATA SIZE        =     20       8
   IDATA SIZE       =   ----    ----
   BIT SIZE         =   ----    ----
END OF MODULE INFORMATION.


C51 COMPILATION COMPLETE.  1 WARNING(S),  0 ERROR(S)
