C51 COMPILER V9.01   DENGIAOTHONG                                                          03/25/2022 09:02:38 PAGE 1   


C51 COMPILER V9.01, COMPILATION OF MODULE DENGIAOTHONG
OBJECT MODULE PLACED IN dengiaothong.OBJ
COMPILER INVOKED BY: D:\Program Files\Keil\C51\BIN\C51.EXE dengiaothong.c BROWSE DEBUG OBJECTEXTEND

line level    source

   1          #include <REGX51.H>
   2          char so[] = {0x40,0x79,0x24,0x30,0x19,0x12,0x02,0x78,0x00,0x10};
   3          
   4          void delay(int time){
   5   1              while(time--);
   6   1      }
   7          void red(int n){
   8   1              int i,j;
   9   1              for(i=2;i>=n;i--){
  10   2                      for(j=9;j>=n;j--){
  11   3                              P2=so[i];
  12   3                              P3=so[j];
  13   3                              P0_0=0;
  14   3                              P0_1=P0_2=1;
  15   3                              delay(50000);
  16   3                      }
  17   2              }
  18   1      }
  19          
  20          void yellow(int n){
  21   1              int i=0,j;
  22   1              for(j=9;j>=n;j--){
  23   2                      P2=so[i];
  24   2                      P3=so[j];
  25   2                      P0_1=0;
  26   2                      P0_0=P0_2=1;
  27   2                      delay(50000);
  28   2              }
  29   1      }
  30          
  31          void green(int n){
  32   1              int i,j;
  33   1              for(i=2;i>=n;i--){
  34   2                      for(j=9;j>=n;j--){
  35   3                              P2=so[i];
  36   3                              P3=so[j];
  37   3                              P0_2=0;
  38   3                              P0_0=P0_1=1;
  39   3                              delay(50000);
  40   3                      }
  41   2              }
  42   1      }
  43          void main(){
  44   1              while(1){
  45   2                      red(0);
  46   2                      yellow(0);
  47   2                      green(0);
  48   2              }
  49   1      }


MODULE INFORMATION:   STATIC OVERLAYABLE
   CODE SIZE        =    269    ----
   CONSTANT SIZE    =   ----    ----
   XDATA SIZE       =   ----    ----
C51 COMPILER V9.01   DENGIAOTHONG                                                          03/25/2022 09:02:38 PAGE 2   

   PDATA SIZE       =   ----    ----
   DATA SIZE        =     10       6
   IDATA SIZE       =   ----    ----
   BIT SIZE         =   ----    ----
END OF MODULE INFORMATION.


C51 COMPILATION COMPLETE.  0 WARNING(S),  0 ERROR(S)
